topN=5 beam_size_ratio=1000 log_ratio=6.90775527898213705 max_hyps=10
start reading MaxEnt model ...
Finish reading MaxEnt model ...
class_num=45 feat_num=44752
class_labels=NNP comma CD NNS JJ MD VB DT NN IN . VBZ VBG CC VBD VBN RB TO PRP RBR WDT VBP RP PRP$ JJS POS `` EX '' WP : JJR WRB $ NNPS WP$ -LRB- -RRB- PDT RBS FW UH SYM LS #
Finish reading test.txt, valid=36, invalid=0
test_inst_num=36
finish reading boundary file, sent_num=1
warning: prevtag feature prevTwoTags=NNP+RP is not defined
warning: prevtag feature prevTwoTags=NNP+JJS is not defined
warning: prevtag feature prevTwoTags=NNP+EX is not defined
warning: prevtag feature prevTwoTags=NNP+WP$ is not defined
warning: prevtag feature prevTwoTags=NNP+PDT is not defined
warning: prevtag feature prevTwoTags=NNP+RBS is not defined
warning: prevtag feature prevTwoTags=NNP+UH is not defined
warning: prevtag feature prevTwoTags=NNP+SYM is not defined
warning: prevtag feature prevTwoTags=NNP+LS is not defined
warning: prevtag feature prevTwoTags=NNP+# is not defined
warning: prevtag feature prevTwoTags=NNP+BOS is not defined
warning: prevtag feature prevTwoTags=comma+comma is not defined
warning: prevtag feature prevTwoTags=comma+. is not defined
warning: prevtag feature prevTwoTags=comma+RP is not defined
warning: prevtag feature prevTwoTags=comma+POS is not defined
warning: prevtag feature prevTwoTags=comma+: is not defined
warning: prevtag feature prevTwoTags=comma+-RRB- is not defined
warning: prevtag feature prevTwoTags=comma+SYM is not defined
warning: prevtag feature prevTwoTags=comma+LS is not defined
warning: prevtag feature prevTwoTags=comma+# is not defined
warning: prevtag feature prevTwoTags=comma+BOS is not defined
warning: prevtag feature prevTwoTags=CD+VB is not defined
warning: prevtag feature prevTwoTags=CD+RBR is not defined
warning: prevtag feature prevTwoTags=CD+RP is not defined
warning: prevtag feature prevTwoTags=CD+PRP$ is not defined
warning: prevtag feature prevTwoTags=CD+EX is not defined
warning: prevtag feature prevTwoTags=CD+WP is not defined
warning: prevtag feature prevTwoTags=CD+$ is not defined
warning: prevtag feature prevTwoTags=CD+WP$ is not defined
warning: prevtag feature prevTwoTags=CD+PDT is not defined
warning: prevtag feature prevTwoTags=CD+RBS is not defined
warning: prevtag feature prevTwoTags=CD+FW is not defined
warning: prevtag feature prevTwoTags=CD+UH is not defined
warning: prevtag feature prevTwoTags=CD+SYM is not defined
warning: prevtag feature prevTwoTags=CD+LS is not defined
warning: prevtag feature prevTwoTags=CD+# is not defined
warning: prevtag feature prevTwoTags=CD+BOS is not defined
warning: prevtag feature prevTwoTags=NNS+JJS is not defined
warning: prevtag feature prevTwoTags=NNS+EX is not defined
warning: prevtag feature prevTwoTags=NNS+NNPS is not defined
warning: prevtag feature prevTwoTags=NNS+PDT is not defined
warning: prevtag feature prevTwoTags=NNS+RBS is not defined
warning: prevtag feature prevTwoTags=NNS+FW is not defined
warning: prevtag feature prevTwoTags=NNS+UH is not defined
warning: prevtag feature prevTwoTags=NNS+SYM is not defined
warning: prevtag feature prevTwoTags=NNS+LS is not defined
warning: prevtag feature prevTwoTags=NNS+# is not defined
warning: prevtag feature prevTwoTags=NNS+BOS is not defined
warning: prevtag feature prevTwoTags=JJ+VB is not defined
warning: prevtag feature prevTwoTags=JJ+WDT is not defined
warning: prevtag feature prevTwoTags=JJ+RP is not defined
warning: prevtag feature prevTwoTags=JJ+EX is not defined
warning: prevtag feature prevTwoTags=JJ+WP$ is not defined
warning: prevtag feature prevTwoTags=JJ+PDT is not defined
warning: prevtag feature prevTwoTags=JJ+RBS is not defined
warning: prevtag feature prevTwoTags=JJ+FW is not defined
warning: prevtag feature prevTwoTags=JJ+UH is not defined
warning: prevtag feature prevTwoTags=JJ+SYM is not defined
warning: prevtag feature prevTwoTags=JJ+LS is not defined
warning: prevtag feature prevTwoTags=JJ+# is not defined
warning: prevtag feature prevTwoTags=JJ+BOS is not defined
warning: prevtag feature prevTwoTags=MD+NNP is not defined
warning: prevtag feature prevTwoTags=MD+CD is not defined
warning: prevtag feature prevTwoTags=MD+NNS is not defined
warning: prevtag feature prevTwoTags=MD+JJ is not defined
warning: prevtag feature prevTwoTags=MD+MD is not defined
warning: prevtag feature prevTwoTags=MD+NN is not defined
warning: prevtag feature prevTwoTags=MD+. is not defined
warning: prevtag feature prevTwoTags=MD+VBZ is not defined
warning: prevtag feature prevTwoTags=MD+VBG is not defined
warning: prevtag feature prevTwoTags=MD+CC is not defined
warning: prevtag feature prevTwoTags=MD+VBD is not defined
warning: prevtag feature prevTwoTags=MD+VBN is not defined
warning: prevtag feature prevTwoTags=MD+WDT is not defined
warning: prevtag feature prevTwoTags=MD+VBP is not defined
warning: prevtag feature prevTwoTags=MD+RP is not defined
warning: prevtag feature prevTwoTags=MD+PRP$ is not defined
warning: prevtag feature prevTwoTags=MD+JJS is not defined
warning: prevtag feature prevTwoTags=MD+POS is not defined
warning: prevtag feature prevTwoTags=MD+EX is not defined
warning: prevtag feature prevTwoTags=MD+'' is not defined
warning: prevtag feature prevTwoTags=MD+WP is not defined
warning: prevtag feature prevTwoTags=MD+: is not defined
warning: prevtag feature prevTwoTags=MD+JJR is not defined
warning: prevtag feature prevTwoTags=MD+WRB is not defined
warning: prevtag feature prevTwoTags=MD+$ is not defined
warning: prevtag feature prevTwoTags=MD+NNPS is not defined
warning: prevtag feature prevTwoTags=MD+WP$ is not defined
warning: prevtag feature prevTwoTags=MD+-LRB- is not defined
warning: prevtag feature prevTwoTags=MD+-RRB- is not defined
warning: prevtag feature prevTwoTags=MD+PDT is not defined
warning: prevtag feature prevTwoTags=MD+RBS is not defined
warning: prevtag feature prevTwoTags=MD+FW is not defined
warning: prevtag feature prevTwoTags=MD+UH is not defined
warning: prevtag feature prevTwoTags=MD+SYM is not defined
warning: prevtag feature prevTwoTags=MD+LS is not defined
warning: prevtag feature prevTwoTags=MD+# is not defined
warning: prevtag feature prevTwoTags=MD+BOS is not defined
warning: prevtag feature prevTwoTags=VB+POS is not defined
warning: prevtag feature prevTwoTags=VB+WP$ is not defined
warning: prevtag feature prevTwoTags=VB+-RRB- is not defined
warning: prevtag feature prevTwoTags=VB+RBS is not defined
warning: prevtag feature prevTwoTags=VB+FW is not defined
warning: prevtag feature prevTwoTags=VB+UH is not defined
warning: prevtag feature prevTwoTags=VB+SYM is not defined
warning: prevtag feature prevTwoTags=VB+LS is not defined
warning: prevtag feature prevTwoTags=VB+# is not defined
warning: prevtag feature prevTwoTags=VB+BOS is not defined
warning: prevtag feature prevTwoTags=DT+RP is not defined
warning: prevtag feature prevTwoTags=DT+POS is not defined
warning: prevtag feature prevTwoTags=DT+EX is not defined
warning: prevtag feature prevTwoTags=DT+'' is not defined
warning: prevtag feature prevTwoTags=DT+WRB is not defined
warning: prevtag feature prevTwoTags=DT+WP$ is not defined
warning: prevtag feature prevTwoTags=DT+-RRB- is not defined
warning: prevtag feature prevTwoTags=DT+PDT is not defined
warning: prevtag feature prevTwoTags=DT+UH is not defined
warning: prevtag feature prevTwoTags=DT+SYM is not defined
warning: prevtag feature prevTwoTags=DT+LS is not defined
warning: prevtag feature prevTwoTags=DT+BOS is not defined
warning: prevtag feature prevTwoTags=NN+JJS is not defined
warning: prevtag feature prevTwoTags=NN+PDT is not defined
warning: prevtag feature prevTwoTags=NN+FW is not defined
warning: prevtag feature prevTwoTags=NN+UH is not defined
warning: prevtag feature prevTwoTags=NN+SYM is not defined
warning: prevtag feature prevTwoTags=NN+LS is not defined
warning: prevtag feature prevTwoTags=NN+# is not defined
warning: prevtag feature prevTwoTags=NN+BOS is not defined
warning: prevtag feature prevTwoTags=IN+RP is not defined
warning: prevtag feature prevTwoTags=IN+POS is not defined
warning: prevtag feature prevTwoTags=IN+WP$ is not defined
warning: prevtag feature prevTwoTags=IN+-RRB- is not defined
warning: prevtag feature prevTwoTags=IN+UH is not defined
warning: prevtag feature prevTwoTags=IN+SYM is not defined
warning: prevtag feature prevTwoTags=IN+LS is not defined
warning: prevtag feature prevTwoTags=IN+BOS is not defined
warning: prevtag feature prevTwoTags=.+comma is not defined
warning: prevtag feature prevTwoTags=.+CD is not defined
warning: prevtag feature prevTwoTags=.+NNS is not defined
warning: prevtag feature prevTwoTags=.+JJ is not defined
warning: prevtag feature prevTwoTags=.+MD is not defined
warning: prevtag feature prevTwoTags=.+DT is not defined
warning: prevtag feature prevTwoTags=.+IN is not defined
warning: prevtag feature prevTwoTags=.+. is not defined
warning: prevtag feature prevTwoTags=.+VBZ is not defined
warning: prevtag feature prevTwoTags=.+VBG is not defined
warning: prevtag feature prevTwoTags=.+CC is not defined
warning: prevtag feature prevTwoTags=.+VBD is not defined
warning: prevtag feature prevTwoTags=.+VBN is not defined
warning: prevtag feature prevTwoTags=.+RB is not defined
warning: prevtag feature prevTwoTags=.+TO is not defined
warning: prevtag feature prevTwoTags=.+PRP is not defined
warning: prevtag feature prevTwoTags=.+RBR is not defined
warning: prevtag feature prevTwoTags=.+WDT is not defined
warning: prevtag feature prevTwoTags=.+VBP is not defined
warning: prevtag feature prevTwoTags=.+RP is not defined
warning: prevtag feature prevTwoTags=.+PRP$ is not defined
warning: prevtag feature prevTwoTags=.+JJS is not defined
warning: prevtag feature prevTwoTags=.+POS is not defined
warning: prevtag feature prevTwoTags=.+`` is not defined
warning: prevtag feature prevTwoTags=.+EX is not defined
warning: prevtag feature prevTwoTags=.+WP is not defined
warning: prevtag feature prevTwoTags=.+: is not defined
warning: prevtag feature prevTwoTags=.+JJR is not defined
warning: prevtag feature prevTwoTags=.+WRB is not defined
warning: prevtag feature prevTwoTags=.+$ is not defined
warning: prevtag feature prevTwoTags=.+NNPS is not defined
warning: prevtag feature prevTwoTags=.+WP$ is not defined
warning: prevtag feature prevTwoTags=.+PDT is not defined
warning: prevtag feature prevTwoTags=.+RBS is not defined
warning: prevtag feature prevTwoTags=.+FW is not defined
warning: prevtag feature prevTwoTags=.+UH is not defined
warning: prevtag feature prevTwoTags=.+SYM is not defined
warning: prevtag feature prevTwoTags=.+LS is not defined
warning: prevtag feature prevTwoTags=.+# is not defined
warning: prevtag feature prevTwoTags=.+BOS is not defined
warning: prevtag feature prevTwoTags=VBZ+WDT is not defined
warning: prevtag feature prevTwoTags=VBZ+VBP is not defined
warning: prevtag feature prevTwoTags=VBZ+POS is not defined
warning: prevtag feature prevTwoTags=VBZ+'' is not defined
warning: prevtag feature prevTwoTags=VBZ+NNPS is not defined
warning: prevtag feature prevTwoTags=VBZ+WP$ is not defined
warning: prevtag feature prevTwoTags=VBZ+-LRB- is not defined
warning: prevtag feature prevTwoTags=VBZ+-RRB- is not defined
warning: prevtag feature prevTwoTags=VBZ+FW is not defined
warning: prevtag feature prevTwoTags=VBZ+UH is not defined
warning: prevtag feature prevTwoTags=VBZ+SYM is not defined
warning: prevtag feature prevTwoTags=VBZ+LS is not defined
warning: prevtag feature prevTwoTags=VBZ+# is not defined
warning: prevtag feature prevTwoTags=VBZ+BOS is not defined
warning: prevtag feature prevTwoTags=VBG+MD is not defined
warning: prevtag feature prevTwoTags=VBG+WDT is not defined
warning: prevtag feature prevTwoTags=VBG+VBP is not defined
warning: prevtag feature prevTwoTags=VBG+JJS is not defined
warning: prevtag feature prevTwoTags=VBG+POS is not defined
warning: prevtag feature prevTwoTags=VBG+EX is not defined
warning: prevtag feature prevTwoTags=VBG+NNPS is not defined
warning: prevtag feature prevTwoTags=VBG+WP$ is not defined
warning: prevtag feature prevTwoTags=VBG+-LRB- is not defined
warning: prevtag feature prevTwoTags=VBG+-RRB- is not defined
warning: prevtag feature prevTwoTags=VBG+RBS is not defined
warning: prevtag feature prevTwoTags=VBG+FW is not defined
warning: prevtag feature prevTwoTags=VBG+UH is not defined
warning: prevtag feature prevTwoTags=VBG+SYM is not defined
warning: prevtag feature prevTwoTags=VBG+LS is not defined
warning: prevtag feature prevTwoTags=VBG+# is not defined
warning: prevtag feature prevTwoTags=VBG+BOS is not defined
warning: prevtag feature prevTwoTags=CC+. is not defined
warning: prevtag feature prevTwoTags=CC+CC is not defined
warning: prevtag feature prevTwoTags=CC+RP is not defined
warning: prevtag feature prevTwoTags=CC+POS is not defined
warning: prevtag feature prevTwoTags=CC+'' is not defined
warning: prevtag feature prevTwoTags=CC+: is not defined
warning: prevtag feature prevTwoTags=CC+WP$ is not defined
warning: prevtag feature prevTwoTags=CC+-LRB- is not defined
warning: prevtag feature prevTwoTags=CC+-RRB- is not defined
warning: prevtag feature prevTwoTags=CC+FW is not defined
warning: prevtag feature prevTwoTags=CC+UH is not defined
warning: prevtag feature prevTwoTags=CC+SYM is not defined
warning: prevtag feature prevTwoTags=CC+LS is not defined
warning: prevtag feature prevTwoTags=CC+# is not defined
warning: prevtag feature prevTwoTags=CC+BOS is not defined
warning: prevtag feature prevTwoTags=VBD+WDT is not defined
warning: prevtag feature prevTwoTags=VBD+VBP is not defined
warning: prevtag feature prevTwoTags=VBD+POS is not defined
warning: prevtag feature prevTwoTags=VBD+NNPS is not defined
warning: prevtag feature prevTwoTags=VBD+WP$ is not defined
warning: prevtag feature prevTwoTags=VBD+-LRB- is not defined
warning: prevtag feature prevTwoTags=VBD+-RRB- is not defined
warning: prevtag feature prevTwoTags=VBD+FW is not defined
warning: prevtag feature prevTwoTags=VBD+UH is not defined
warning: prevtag feature prevTwoTags=VBD+SYM is not defined
warning: prevtag feature prevTwoTags=VBD+LS is not defined
warning: prevtag feature prevTwoTags=VBD+# is not defined
warning: prevtag feature prevTwoTags=VBD+BOS is not defined
warning: prevtag feature prevTwoTags=VBN+WDT is not defined
warning: prevtag feature prevTwoTags=VBN+JJS is not defined
warning: prevtag feature prevTwoTags=VBN+POS is not defined
warning: prevtag feature prevTwoTags=VBN+EX is not defined
warning: prevtag feature prevTwoTags=VBN+NNPS is not defined
warning: prevtag feature prevTwoTags=VBN+WP$ is not defined
warning: prevtag feature prevTwoTags=VBN+-LRB- is not defined
warning: prevtag feature prevTwoTags=VBN+RBS is not defined
warning: prevtag feature prevTwoTags=VBN+FW is not defined
warning: prevtag feature prevTwoTags=VBN+UH is not defined
warning: prevtag feature prevTwoTags=VBN+SYM is not defined
warning: prevtag feature prevTwoTags=VBN+LS is not defined
warning: prevtag feature prevTwoTags=VBN+# is not defined
warning: prevtag feature prevTwoTags=VBN+BOS is not defined
warning: prevtag feature prevTwoTags=RB+POS is not defined
warning: prevtag feature prevTwoTags=RB+NNPS is not defined
warning: prevtag feature prevTwoTags=RB+WP$ is not defined
warning: prevtag feature prevTwoTags=RB+RBS is not defined
warning: prevtag feature prevTwoTags=RB+FW is not defined
warning: prevtag feature prevTwoTags=RB+UH is not defined
warning: prevtag feature prevTwoTags=RB+SYM is not defined
warning: prevtag feature prevTwoTags=RB+LS is not defined
warning: prevtag feature prevTwoTags=RB+# is not defined
warning: prevtag feature prevTwoTags=RB+BOS is not defined
warning: prevtag feature prevTwoTags=TO+MD is not defined
warning: prevtag feature prevTwoTags=TO+. is not defined
warning: prevtag feature prevTwoTags=TO+VBZ is not defined
warning: prevtag feature prevTwoTags=TO+VBD is not defined
warning: prevtag feature prevTwoTags=TO+TO is not defined
warning: prevtag feature prevTwoTags=TO+VBP is not defined
warning: prevtag feature prevTwoTags=TO+RP is not defined
warning: prevtag feature prevTwoTags=TO+JJS is not defined
warning: prevtag feature prevTwoTags=TO+POS is not defined
warning: prevtag feature prevTwoTags=TO+EX is not defined
warning: prevtag feature prevTwoTags=TO+'' is not defined
warning: prevtag feature prevTwoTags=TO+: is not defined
warning: prevtag feature prevTwoTags=TO+WRB is not defined
warning: prevtag feature prevTwoTags=TO+WP$ is not defined
warning: prevtag feature prevTwoTags=TO+-LRB- is not defined
warning: prevtag feature prevTwoTags=TO+-RRB- is not defined
warning: prevtag feature prevTwoTags=TO+PDT is not defined
warning: prevtag feature prevTwoTags=TO+RBS is not defined
warning: prevtag feature prevTwoTags=TO+FW is not defined
warning: prevtag feature prevTwoTags=TO+UH is not defined
warning: prevtag feature prevTwoTags=TO+SYM is not defined
warning: prevtag feature prevTwoTags=TO+LS is not defined
warning: prevtag feature prevTwoTags=TO+BOS is not defined
warning: prevtag feature prevTwoTags=PRP+WDT is not defined
warning: prevtag feature prevTwoTags=PRP+PRP$ is not defined
warning: prevtag feature prevTwoTags=PRP+JJS is not defined
warning: prevtag feature prevTwoTags=PRP+EX is not defined
warning: prevtag feature prevTwoTags=PRP+'' is not defined
warning: prevtag feature prevTwoTags=PRP+$ is not defined
warning: prevtag feature prevTwoTags=PRP+NNPS is not defined
warning: prevtag feature prevTwoTags=PRP+WP$ is not defined
warning: prevtag feature prevTwoTags=PRP+-RRB- is not defined
warning: prevtag feature prevTwoTags=PRP+PDT is not defined
warning: prevtag feature prevTwoTags=PRP+RBS is not defined
warning: prevtag feature prevTwoTags=PRP+FW is not defined
warning: prevtag feature prevTwoTags=PRP+UH is not defined
warning: prevtag feature prevTwoTags=PRP+SYM is not defined
warning: prevtag feature prevTwoTags=PRP+LS is not defined
warning: prevtag feature prevTwoTags=PRP+# is not defined
warning: prevtag feature prevTwoTags=PRP+BOS is not defined
warning: prevtag feature prevTwoTags=RBR+NNP is not defined
warning: prevtag feature prevTwoTags=RBR+CD is not defined
warning: prevtag feature prevTwoTags=RBR+NNS is not defined
warning: prevtag feature prevTwoTags=RBR+MD is not defined
warning: prevtag feature prevTwoTags=RBR+NN is not defined
warning: prevtag feature prevTwoTags=RBR+. is not defined
warning: prevtag feature prevTwoTags=RBR+VBZ is not defined
warning: prevtag feature prevTwoTags=RBR+VBD is not defined
warning: prevtag feature prevTwoTags=RBR+PRP is not defined
warning: prevtag feature prevTwoTags=RBR+RBR is not defined
warning: prevtag feature prevTwoTags=RBR+WDT is not defined
warning: prevtag feature prevTwoTags=RBR+VBP is not defined
warning: prevtag feature prevTwoTags=RBR+RP is not defined
warning: prevtag feature prevTwoTags=RBR+PRP$ is not defined
warning: prevtag feature prevTwoTags=RBR+JJS is not defined
warning: prevtag feature prevTwoTags=RBR+POS is not defined
warning: prevtag feature prevTwoTags=RBR+`` is not defined
warning: prevtag feature prevTwoTags=RBR+EX is not defined
warning: prevtag feature prevTwoTags=RBR+'' is not defined
warning: prevtag feature prevTwoTags=RBR+WP is not defined
warning: prevtag feature prevTwoTags=RBR+: is not defined
warning: prevtag feature prevTwoTags=RBR+JJR is not defined
warning: prevtag feature prevTwoTags=RBR+WRB is not defined
warning: prevtag feature prevTwoTags=RBR+$ is not defined
warning: prevtag feature prevTwoTags=RBR+NNPS is not defined
warning: prevtag feature prevTwoTags=RBR+WP$ is not defined
warning: prevtag feature prevTwoTags=RBR+-LRB- is not defined
warning: prevtag feature prevTwoTags=RBR+-RRB- is not defined
warning: prevtag feature prevTwoTags=RBR+PDT is not defined
warning: prevtag feature prevTwoTags=RBR+RBS is not defined
warning: prevtag feature prevTwoTags=RBR+FW is not defined
warning: prevtag feature prevTwoTags=RBR+UH is not defined
warning: prevtag feature prevTwoTags=RBR+SYM is not defined
warning: prevtag feature prevTwoTags=RBR+LS is not defined
warning: prevtag feature prevTwoTags=RBR+# is not defined
warning: prevtag feature prevTwoTags=RBR+BOS is not defined
warning: prevtag feature prevTwoTags=WDT+VB is not defined
warning: prevtag feature prevTwoTags=WDT+. is not defined
warning: prevtag feature prevTwoTags=WDT+VBG is not defined
warning: prevtag feature prevTwoTags=WDT+CC is not defined
warning: prevtag feature prevTwoTags=WDT+VBN is not defined
warning: prevtag feature prevTwoTags=WDT+TO is not defined
warning: prevtag feature prevTwoTags=WDT+RBR is not defined
warning: prevtag feature prevTwoTags=WDT+WDT is not defined
warning: prevtag feature prevTwoTags=WDT+RP is not defined
warning: prevtag feature prevTwoTags=WDT+PRP$ is not defined
warning: prevtag feature prevTwoTags=WDT+JJS is not defined
warning: prevtag feature prevTwoTags=WDT+POS is not defined
warning: prevtag feature prevTwoTags=WDT+`` is not defined
warning: prevtag feature prevTwoTags=WDT+EX is not defined
warning: prevtag feature prevTwoTags=WDT+'' is not defined
warning: prevtag feature prevTwoTags=WDT+WP is not defined
warning: prevtag feature prevTwoTags=WDT+: is not defined
warning: prevtag feature prevTwoTags=WDT+JJR is not defined
warning: prevtag feature prevTwoTags=WDT+WRB is not defined
warning: prevtag feature prevTwoTags=WDT+$ is not defined
warning: prevtag feature prevTwoTags=WDT+NNPS is not defined
warning: prevtag feature prevTwoTags=WDT+WP$ is not defined
warning: prevtag feature prevTwoTags=WDT+-LRB- is not defined
warning: prevtag feature prevTwoTags=WDT+-RRB- is not defined
warning: prevtag feature prevTwoTags=WDT+PDT is not defined
warning: prevtag feature prevTwoTags=WDT+RBS is not defined
warning: prevtag feature prevTwoTags=WDT+FW is not defined
warning: prevtag feature prevTwoTags=WDT+UH is not defined
warning: prevtag feature prevTwoTags=WDT+SYM is not defined
warning: prevtag feature prevTwoTags=WDT+LS is not defined
warning: prevtag feature prevTwoTags=WDT+# is not defined
warning: prevtag feature prevTwoTags=WDT+BOS is not defined
warning: prevtag feature prevTwoTags=VBP+WDT is not defined
warning: prevtag feature prevTwoTags=VBP+JJS is not defined
warning: prevtag feature prevTwoTags=VBP+POS is not defined
warning: prevtag feature prevTwoTags=VBP+'' is not defined
warning: prevtag feature prevTwoTags=VBP+NNPS is not defined
warning: prevtag feature prevTwoTags=VBP+WP$ is not defined
warning: prevtag feature prevTwoTags=VBP+-LRB- is not defined
warning: prevtag feature prevTwoTags=VBP+-RRB- is not defined
warning: prevtag feature prevTwoTags=VBP+PDT is not defined
warning: prevtag feature prevTwoTags=VBP+RBS is not defined
warning: prevtag feature prevTwoTags=VBP+FW is not defined
warning: prevtag feature prevTwoTags=VBP+UH is not defined
warning: prevtag feature prevTwoTags=VBP+SYM is not defined
warning: prevtag feature prevTwoTags=VBP+LS is not defined
warning: prevtag feature prevTwoTags=VBP+# is not defined
warning: prevtag feature prevTwoTags=VBP+BOS is not defined
warning: prevtag feature prevTwoTags=RP+MD is not defined
warning: prevtag feature prevTwoTags=RP+VB is not defined
warning: prevtag feature prevTwoTags=RP+VBZ is not defined
warning: prevtag feature prevTwoTags=RP+VBD is not defined
warning: prevtag feature prevTwoTags=RP+VBN is not defined
warning: prevtag feature prevTwoTags=RP+PRP is not defined
warning: prevtag feature prevTwoTags=RP+WDT is not defined
warning: prevtag feature prevTwoTags=RP+VBP is not defined
warning: prevtag feature prevTwoTags=RP+RP is not defined
warning: prevtag feature prevTwoTags=RP+JJS is not defined
warning: prevtag feature prevTwoTags=RP+POS is not defined
warning: prevtag feature prevTwoTags=RP+EX is not defined
warning: prevtag feature prevTwoTags=RP+: is not defined
warning: prevtag feature prevTwoTags=RP+NNPS is not defined
warning: prevtag feature prevTwoTags=RP+WP$ is not defined
warning: prevtag feature prevTwoTags=RP+-LRB- is not defined
warning: prevtag feature prevTwoTags=RP+-RRB- is not defined
warning: prevtag feature prevTwoTags=RP+PDT is not defined
warning: prevtag feature prevTwoTags=RP+RBS is not defined
warning: prevtag feature prevTwoTags=RP+FW is not defined
warning: prevtag feature prevTwoTags=RP+UH is not defined
warning: prevtag feature prevTwoTags=RP+SYM is not defined
warning: prevtag feature prevTwoTags=RP+LS is not defined
warning: prevtag feature prevTwoTags=RP+# is not defined
warning: prevtag feature prevTwoTags=RP+BOS is not defined
warning: prevtag feature prevTwoTags=PRP$+comma is not defined
warning: prevtag feature prevTwoTags=PRP$+MD is not defined
warning: prevtag feature prevTwoTags=PRP$+VB is not defined
warning: prevtag feature prevTwoTags=PRP$+DT is not defined
warning: prevtag feature prevTwoTags=PRP$+IN is not defined
warning: prevtag feature prevTwoTags=PRP$+. is not defined
warning: prevtag feature prevTwoTags=PRP$+VBZ is not defined
warning: prevtag feature prevTwoTags=PRP$+CC is not defined
warning: prevtag feature prevTwoTags=PRP$+VBD is not defined
warning: prevtag feature prevTwoTags=PRP$+TO is not defined
warning: prevtag feature prevTwoTags=PRP$+PRP is not defined
warning: prevtag feature prevTwoTags=PRP$+RBR is not defined
warning: prevtag feature prevTwoTags=PRP$+WDT is not defined
warning: prevtag feature prevTwoTags=PRP$+VBP is not defined
warning: prevtag feature prevTwoTags=PRP$+RP is not defined
warning: prevtag feature prevTwoTags=PRP$+PRP$ is not defined
warning: prevtag feature prevTwoTags=PRP$+POS is not defined
warning: prevtag feature prevTwoTags=PRP$+EX is not defined
warning: prevtag feature prevTwoTags=PRP$+'' is not defined
warning: prevtag feature prevTwoTags=PRP$+WP is not defined
warning: prevtag feature prevTwoTags=PRP$+: is not defined
warning: prevtag feature prevTwoTags=PRP$+WRB is not defined
warning: prevtag feature prevTwoTags=PRP$+NNPS is not defined
warning: prevtag feature prevTwoTags=PRP$+WP$ is not defined
warning: prevtag feature prevTwoTags=PRP$+-LRB- is not defined
warning: prevtag feature prevTwoTags=PRP$+-RRB- is not defined
warning: prevtag feature prevTwoTags=PRP$+PDT is not defined
warning: prevtag feature prevTwoTags=PRP$+FW is not defined
warning: prevtag feature prevTwoTags=PRP$+UH is not defined
warning: prevtag feature prevTwoTags=PRP$+SYM is not defined
warning: prevtag feature prevTwoTags=PRP$+LS is not defined
warning: prevtag feature prevTwoTags=PRP$+# is not defined
warning: prevtag feature prevTwoTags=PRP$+BOS is not defined
warning: prevtag feature prevTwoTags=JJS+MD is not defined
warning: prevtag feature prevTwoTags=JJS+VB is not defined
warning: prevtag feature prevTwoTags=JJS+. is not defined
warning: prevtag feature prevTwoTags=JJS+VBZ is not defined
warning: prevtag feature prevTwoTags=JJS+VBD is not defined
warning: prevtag feature prevTwoTags=JJS+TO is not defined
warning: prevtag feature prevTwoTags=JJS+RBR is not defined
warning: prevtag feature prevTwoTags=JJS+WDT is not defined
warning: prevtag feature prevTwoTags=JJS+RP is not defined
warning: prevtag feature prevTwoTags=JJS+PRP$ is not defined
warning: prevtag feature prevTwoTags=JJS+JJS is not defined
warning: prevtag feature prevTwoTags=JJS+POS is not defined
warning: prevtag feature prevTwoTags=JJS+`` is not defined
warning: prevtag feature prevTwoTags=JJS+EX is not defined
warning: prevtag feature prevTwoTags=JJS+'' is not defined
warning: prevtag feature prevTwoTags=JJS+WP is not defined
warning: prevtag feature prevTwoTags=JJS+JJR is not defined
warning: prevtag feature prevTwoTags=JJS+WRB is not defined
warning: prevtag feature prevTwoTags=JJS+NNPS is not defined
warning: prevtag feature prevTwoTags=JJS+WP$ is not defined
warning: prevtag feature prevTwoTags=JJS+-LRB- is not defined
warning: prevtag feature prevTwoTags=JJS+-RRB- is not defined
warning: prevtag feature prevTwoTags=JJS+PDT is not defined
warning: prevtag feature prevTwoTags=JJS+RBS is not defined
warning: prevtag feature prevTwoTags=JJS+FW is not defined
warning: prevtag feature prevTwoTags=JJS+UH is not defined
warning: prevtag feature prevTwoTags=JJS+SYM is not defined
warning: prevtag feature prevTwoTags=JJS+LS is not defined
warning: prevtag feature prevTwoTags=JJS+# is not defined
warning: prevtag feature prevTwoTags=JJS+BOS is not defined
warning: prevtag feature prevTwoTags=POS+MD is not defined
warning: prevtag feature prevTwoTags=POS+VB is not defined
warning: prevtag feature prevTwoTags=POS+DT is not defined
warning: prevtag feature prevTwoTags=POS+. is not defined
warning: prevtag feature prevTwoTags=POS+TO is not defined
warning: prevtag feature prevTwoTags=POS+PRP is not defined
warning: prevtag feature prevTwoTags=POS+RBR is not defined
warning: prevtag feature prevTwoTags=POS+WDT is not defined
warning: prevtag feature prevTwoTags=POS+VBP is not defined
warning: prevtag feature prevTwoTags=POS+RP is not defined
warning: prevtag feature prevTwoTags=POS+PRP$ is not defined
warning: prevtag feature prevTwoTags=POS+POS is not defined
warning: prevtag feature prevTwoTags=POS+EX is not defined
warning: prevtag feature prevTwoTags=POS+'' is not defined
warning: prevtag feature prevTwoTags=POS+WP is not defined
warning: prevtag feature prevTwoTags=POS+: is not defined
warning: prevtag feature prevTwoTags=POS+WRB is not defined
warning: prevtag feature prevTwoTags=POS+WP$ is not defined
warning: prevtag feature prevTwoTags=POS+-LRB- is not defined
warning: prevtag feature prevTwoTags=POS+-RRB- is not defined
warning: prevtag feature prevTwoTags=POS+PDT is not defined
warning: prevtag feature prevTwoTags=POS+FW is not defined
warning: prevtag feature prevTwoTags=POS+UH is not defined
warning: prevtag feature prevTwoTags=POS+SYM is not defined
warning: prevtag feature prevTwoTags=POS+LS is not defined
warning: prevtag feature prevTwoTags=POS+# is not defined
warning: prevtag feature prevTwoTags=POS+BOS is not defined
warning: prevtag feature prevTwoTags=``+comma is not defined
warning: prevtag feature prevTwoTags=``+. is not defined
warning: prevtag feature prevTwoTags=``+RP is not defined
warning: prevtag feature prevTwoTags=``+POS is not defined
warning: prevtag feature prevTwoTags=``+`` is not defined
warning: prevtag feature prevTwoTags=``+'' is not defined
warning: prevtag feature prevTwoTags=``+: is not defined
warning: prevtag feature prevTwoTags=``+$ is not defined
warning: prevtag feature prevTwoTags=``+WP$ is not defined
warning: prevtag feature prevTwoTags=``+-LRB- is not defined
warning: prevtag feature prevTwoTags=``+-RRB- is not defined
warning: prevtag feature prevTwoTags=``+PDT is not defined
warning: prevtag feature prevTwoTags=``+RBS is not defined
warning: prevtag feature prevTwoTags=``+SYM is not defined
warning: prevtag feature prevTwoTags=``+LS is not defined
warning: prevtag feature prevTwoTags=``+# is not defined
warning: prevtag feature prevTwoTags=``+BOS is not defined
warning: prevtag feature prevTwoTags=EX+NNP is not defined
warning: prevtag feature prevTwoTags=EX+comma is not defined
warning: prevtag feature prevTwoTags=EX+CD is not defined
warning: prevtag feature prevTwoTags=EX+NNS is not defined
warning: prevtag feature prevTwoTags=EX+JJ is not defined
warning: prevtag feature prevTwoTags=EX+VB is not defined
warning: prevtag feature prevTwoTags=EX+DT is not defined
warning: prevtag feature prevTwoTags=EX+NN is not defined
warning: prevtag feature prevTwoTags=EX+IN is not defined
warning: prevtag feature prevTwoTags=EX+. is not defined
warning: prevtag feature prevTwoTags=EX+VBG is not defined
warning: prevtag feature prevTwoTags=EX+CC is not defined
warning: prevtag feature prevTwoTags=EX+VBN is not defined
warning: prevtag feature prevTwoTags=EX+TO is not defined
warning: prevtag feature prevTwoTags=EX+PRP is not defined
warning: prevtag feature prevTwoTags=EX+RBR is not defined
warning: prevtag feature prevTwoTags=EX+WDT is not defined
warning: prevtag feature prevTwoTags=EX+RP is not defined
warning: prevtag feature prevTwoTags=EX+PRP$ is not defined
warning: prevtag feature prevTwoTags=EX+JJS is not defined
warning: prevtag feature prevTwoTags=EX+POS is not defined
warning: prevtag feature prevTwoTags=EX+`` is not defined
warning: prevtag feature prevTwoTags=EX+EX is not defined
warning: prevtag feature prevTwoTags=EX+'' is not defined
warning: prevtag feature prevTwoTags=EX+WP is not defined
warning: prevtag feature prevTwoTags=EX+: is not defined
warning: prevtag feature prevTwoTags=EX+JJR is not defined
warning: prevtag feature prevTwoTags=EX+WRB is not defined
warning: prevtag feature prevTwoTags=EX+$ is not defined
warning: prevtag feature prevTwoTags=EX+NNPS is not defined
warning: prevtag feature prevTwoTags=EX+WP$ is not defined
warning: prevtag feature prevTwoTags=EX+-LRB- is not defined
warning: prevtag feature prevTwoTags=EX+-RRB- is not defined
warning: prevtag feature prevTwoTags=EX+PDT is not defined
warning: prevtag feature prevTwoTags=EX+RBS is not defined
warning: prevtag feature prevTwoTags=EX+FW is not defined
warning: prevtag feature prevTwoTags=EX+UH is not defined
warning: prevtag feature prevTwoTags=EX+SYM is not defined
warning: prevtag feature prevTwoTags=EX+LS is not defined
warning: prevtag feature prevTwoTags=EX+# is not defined
warning: prevtag feature prevTwoTags=EX+BOS is not defined
warning: prevtag feature prevTwoTags=''+comma is not defined
warning: prevtag feature prevTwoTags=''+. is not defined
warning: prevtag feature prevTwoTags=''+RBR is not defined
warning: prevtag feature prevTwoTags=''+RP is not defined
warning: prevtag feature prevTwoTags=''+PRP$ is not defined
warning: prevtag feature prevTwoTags=''+JJS is not defined
warning: prevtag feature prevTwoTags=''+POS is not defined
warning: prevtag feature prevTwoTags=''+EX is not defined
warning: prevtag feature prevTwoTags=''+JJR is not defined
warning: prevtag feature prevTwoTags=''+$ is not defined
warning: prevtag feature prevTwoTags=''+NNPS is not defined
warning: prevtag feature prevTwoTags=''+WP$ is not defined
warning: prevtag feature prevTwoTags=''+PDT is not defined
warning: prevtag feature prevTwoTags=''+RBS is not defined
warning: prevtag feature prevTwoTags=''+FW is not defined
warning: prevtag feature prevTwoTags=''+UH is not defined
warning: prevtag feature prevTwoTags=''+SYM is not defined
warning: prevtag feature prevTwoTags=''+LS is not defined
warning: prevtag feature prevTwoTags=''+# is not defined
warning: prevtag feature prevTwoTags=''+BOS is not defined
warning: prevtag feature prevTwoTags=WP+CD is not defined
warning: prevtag feature prevTwoTags=WP+. is not defined
warning: prevtag feature prevTwoTags=WP+VBG is not defined
warning: prevtag feature prevTwoTags=WP+CC is not defined
warning: prevtag feature prevTwoTags=WP+VBN is not defined
warning: prevtag feature prevTwoTags=WP+RBR is not defined
warning: prevtag feature prevTwoTags=WP+WDT is not defined
warning: prevtag feature prevTwoTags=WP+RP is not defined
warning: prevtag feature prevTwoTags=WP+JJS is not defined
warning: prevtag feature prevTwoTags=WP+POS is not defined
warning: prevtag feature prevTwoTags=WP+`` is not defined
warning: prevtag feature prevTwoTags=WP+EX is not defined
warning: prevtag feature prevTwoTags=WP+'' is not defined
warning: prevtag feature prevTwoTags=WP+WP is not defined
warning: prevtag feature prevTwoTags=WP+: is not defined
warning: prevtag feature prevTwoTags=WP+JJR is not defined
warning: prevtag feature prevTwoTags=WP+WRB is not defined
warning: prevtag feature prevTwoTags=WP+$ is not defined
warning: prevtag feature prevTwoTags=WP+NNPS is not defined
warning: prevtag feature prevTwoTags=WP+WP$ is not defined
warning: prevtag feature prevTwoTags=WP+-LRB- is not defined
warning: prevtag feature prevTwoTags=WP+-RRB- is not defined
warning: prevtag feature prevTwoTags=WP+PDT is not defined
warning: prevtag feature prevTwoTags=WP+RBS is not defined
warning: prevtag feature prevTwoTags=WP+FW is not defined
warning: prevtag feature prevTwoTags=WP+UH is not defined
warning: prevtag feature prevTwoTags=WP+SYM is not defined
warning: prevtag feature prevTwoTags=WP+LS is not defined
warning: prevtag feature prevTwoTags=WP+# is not defined
warning: prevtag feature prevTwoTags=WP+BOS is not defined
warning: prevtag feature prevTwoTags=:+comma is not defined
warning: prevtag feature prevTwoTags=:+RBR is not defined
warning: prevtag feature prevTwoTags=:+RP is not defined
warning: prevtag feature prevTwoTags=:+JJS is not defined
warning: prevtag feature prevTwoTags=:+POS is not defined
warning: prevtag feature prevTwoTags=:+EX is not defined
warning: prevtag feature prevTwoTags=:+'' is not defined
warning: prevtag feature prevTwoTags=:+: is not defined
warning: prevtag feature prevTwoTags=:+NNPS is not defined
warning: prevtag feature prevTwoTags=:+WP$ is not defined
warning: prevtag feature prevTwoTags=:+-LRB- is not defined
warning: prevtag feature prevTwoTags=:+-RRB- is not defined
warning: prevtag feature prevTwoTags=:+PDT is not defined
warning: prevtag feature prevTwoTags=:+RBS is not defined
warning: prevtag feature prevTwoTags=:+FW is not defined
warning: prevtag feature prevTwoTags=:+UH is not defined
warning: prevtag feature prevTwoTags=:+SYM is not defined
warning: prevtag feature prevTwoTags=:+LS is not defined
warning: prevtag feature prevTwoTags=:+# is not defined
warning: prevtag feature prevTwoTags=:+BOS is not defined
warning: prevtag feature prevTwoTags=JJR+CD is not defined
warning: prevtag feature prevTwoTags=JJR+MD is not defined
warning: prevtag feature prevTwoTags=JJR+VB is not defined
warning: prevtag feature prevTwoTags=JJR+. is not defined
warning: prevtag feature prevTwoTags=JJR+VBZ is not defined
warning: prevtag feature prevTwoTags=JJR+VBG is not defined
warning: prevtag feature prevTwoTags=JJR+VBD is not defined
warning: prevtag feature prevTwoTags=JJR+VBN is not defined
warning: prevtag feature prevTwoTags=JJR+PRP is not defined
warning: prevtag feature prevTwoTags=JJR+RBR is not defined
warning: prevtag feature prevTwoTags=JJR+WDT is not defined
warning: prevtag feature prevTwoTags=JJR+VBP is not defined
warning: prevtag feature prevTwoTags=JJR+RP is not defined
warning: prevtag feature prevTwoTags=JJR+PRP$ is not defined
warning: prevtag feature prevTwoTags=JJR+JJS is not defined
warning: prevtag feature prevTwoTags=JJR+POS is not defined
warning: prevtag feature prevTwoTags=JJR+`` is not defined
warning: prevtag feature prevTwoTags=JJR+EX is not defined
warning: prevtag feature prevTwoTags=JJR+'' is not defined
warning: prevtag feature prevTwoTags=JJR+WP is not defined
warning: prevtag feature prevTwoTags=JJR+JJR is not defined
warning: prevtag feature prevTwoTags=JJR+WRB is not defined
warning: prevtag feature prevTwoTags=JJR+$ is not defined
warning: prevtag feature prevTwoTags=JJR+NNPS is not defined
warning: prevtag feature prevTwoTags=JJR+WP$ is not defined
warning: prevtag feature prevTwoTags=JJR+-LRB- is not defined
warning: prevtag feature prevTwoTags=JJR+-RRB- is not defined
warning: prevtag feature prevTwoTags=JJR+PDT is not defined
warning: prevtag feature prevTwoTags=JJR+RBS is not defined
warning: prevtag feature prevTwoTags=JJR+FW is not defined
warning: prevtag feature prevTwoTags=JJR+UH is not defined
warning: prevtag feature prevTwoTags=JJR+SYM is not defined
warning: prevtag feature prevTwoTags=JJR+LS is not defined
warning: prevtag feature prevTwoTags=JJR+# is not defined
warning: prevtag feature prevTwoTags=JJR+BOS is not defined
warning: prevtag feature prevTwoTags=WRB+VB is not defined
warning: prevtag feature prevTwoTags=WRB+. is not defined
warning: prevtag feature prevTwoTags=WRB+CC is not defined
warning: prevtag feature prevTwoTags=WRB+RBR is not defined
warning: prevtag feature prevTwoTags=WRB+WDT is not defined
warning: prevtag feature prevTwoTags=WRB+RP is not defined
warning: prevtag feature prevTwoTags=WRB+JJS is not defined
warning: prevtag feature prevTwoTags=WRB+POS is not defined
warning: prevtag feature prevTwoTags=WRB+`` is not defined
warning: prevtag feature prevTwoTags=WRB+'' is not defined
warning: prevtag feature prevTwoTags=WRB+WP is not defined
warning: prevtag feature prevTwoTags=WRB+: is not defined
warning: prevtag feature prevTwoTags=WRB+JJR is not defined
warning: prevtag feature prevTwoTags=WRB+WRB is not defined
warning: prevtag feature prevTwoTags=WRB+$ is not defined
warning: prevtag feature prevTwoTags=WRB+NNPS is not defined
warning: prevtag feature prevTwoTags=WRB+WP$ is not defined
warning: prevtag feature prevTwoTags=WRB+-LRB- is not defined
warning: prevtag feature prevTwoTags=WRB+-RRB- is not defined
warning: prevtag feature prevTwoTags=WRB+PDT is not defined
warning: prevtag feature prevTwoTags=WRB+RBS is not defined
warning: prevtag feature prevTwoTags=WRB+FW is not defined
warning: prevtag feature prevTwoTags=WRB+UH is not defined
warning: prevtag feature prevTwoTags=WRB+SYM is not defined
warning: prevtag feature prevTwoTags=WRB+LS is not defined
warning: prevtag feature prevTwoTags=WRB+# is not defined
warning: prevtag feature prevTwoTags=WRB+BOS is not defined
warning: prevtag feature prevTwoTags=$+NNP is not defined
warning: prevtag feature prevTwoTags=$+comma is not defined
warning: prevtag feature prevTwoTags=$+NNS is not defined
warning: prevtag feature prevTwoTags=$+MD is not defined
warning: prevtag feature prevTwoTags=$+VB is not defined
warning: prevtag feature prevTwoTags=$+DT is not defined
warning: prevtag feature prevTwoTags=$+NN is not defined
warning: prevtag feature prevTwoTags=$+IN is not defined
warning: prevtag feature prevTwoTags=$+. is not defined
warning: prevtag feature prevTwoTags=$+VBZ is not defined
warning: prevtag feature prevTwoTags=$+VBG is not defined
warning: prevtag feature prevTwoTags=$+CC is not defined
warning: prevtag feature prevTwoTags=$+VBD is not defined
warning: prevtag feature prevTwoTags=$+VBN is not defined
warning: prevtag feature prevTwoTags=$+RB is not defined
warning: prevtag feature prevTwoTags=$+TO is not defined
warning: prevtag feature prevTwoTags=$+PRP is not defined
warning: prevtag feature prevTwoTags=$+RBR is not defined
warning: prevtag feature prevTwoTags=$+WDT is not defined
warning: prevtag feature prevTwoTags=$+VBP is not defined
warning: prevtag feature prevTwoTags=$+RP is not defined
warning: prevtag feature prevTwoTags=$+PRP$ is not defined
warning: prevtag feature prevTwoTags=$+JJS is not defined
warning: prevtag feature prevTwoTags=$+POS is not defined
warning: prevtag feature prevTwoTags=$+`` is not defined
warning: prevtag feature prevTwoTags=$+EX is not defined
warning: prevtag feature prevTwoTags=$+'' is not defined
warning: prevtag feature prevTwoTags=$+WP is not defined
warning: prevtag feature prevTwoTags=$+: is not defined
warning: prevtag feature prevTwoTags=$+JJR is not defined
warning: prevtag feature prevTwoTags=$+WRB is not defined
warning: prevtag feature prevTwoTags=$+$ is not defined
warning: prevtag feature prevTwoTags=$+NNPS is not defined
warning: prevtag feature prevTwoTags=$+WP$ is not defined
warning: prevtag feature prevTwoTags=$+-LRB- is not defined
warning: prevtag feature prevTwoTags=$+-RRB- is not defined
warning: prevtag feature prevTwoTags=$+PDT is not defined
warning: prevtag feature prevTwoTags=$+RBS is not defined
warning: prevtag feature prevTwoTags=$+FW is not defined
warning: prevtag feature prevTwoTags=$+UH is not defined
warning: prevtag feature prevTwoTags=$+SYM is not defined
warning: prevtag feature prevTwoTags=$+LS is not defined
warning: prevtag feature prevTwoTags=$+# is not defined
warning: prevtag feature prevTwoTags=$+BOS is not defined
warning: prevtag feature prevTwoTags=NNPS+CD is not defined
warning: prevtag feature prevTwoTags=NNPS+VB is not defined
warning: prevtag feature prevTwoTags=NNPS+DT is not defined
warning: prevtag feature prevTwoTags=NNPS+VBN is not defined
warning: prevtag feature prevTwoTags=NNPS+PRP is not defined
warning: prevtag feature prevTwoTags=NNPS+RBR is not defined
warning: prevtag feature prevTwoTags=NNPS+WDT is not defined
warning: prevtag feature prevTwoTags=NNPS+RP is not defined
warning: prevtag feature prevTwoTags=NNPS+PRP$ is not defined
warning: prevtag feature prevTwoTags=NNPS+JJS is not defined
warning: prevtag feature prevTwoTags=NNPS+`` is not defined
warning: prevtag feature prevTwoTags=NNPS+EX is not defined
warning: prevtag feature prevTwoTags=NNPS+'' is not defined
warning: prevtag feature prevTwoTags=NNPS+JJR is not defined
warning: prevtag feature prevTwoTags=NNPS+WRB is not defined
warning: prevtag feature prevTwoTags=NNPS+$ is not defined
warning: prevtag feature prevTwoTags=NNPS+WP$ is not defined
warning: prevtag feature prevTwoTags=NNPS+-LRB- is not defined
warning: prevtag feature prevTwoTags=NNPS+-RRB- is not defined
warning: prevtag feature prevTwoTags=NNPS+PDT is not defined
warning: prevtag feature prevTwoTags=NNPS+RBS is not defined
warning: prevtag feature prevTwoTags=NNPS+FW is not defined
warning: prevtag feature prevTwoTags=NNPS+UH is not defined
warning: prevtag feature prevTwoTags=NNPS+SYM is not defined
warning: prevtag feature prevTwoTags=NNPS+LS is not defined
warning: prevtag feature prevTwoTags=NNPS+# is not defined
warning: prevtag feature prevTwoTags=NNPS+BOS is not defined
warning: prevtag feature prevTwoTags=WP$+comma is not defined
warning: prevtag feature prevTwoTags=WP$+CD is not defined
warning: prevtag feature prevTwoTags=WP$+MD is not defined
warning: prevtag feature prevTwoTags=WP$+VB is not defined
warning: prevtag feature prevTwoTags=WP$+DT is not defined
warning: prevtag feature prevTwoTags=WP$+IN is not defined
warning: prevtag feature prevTwoTags=WP$+. is not defined
warning: prevtag feature prevTwoTags=WP$+VBZ is not defined
warning: prevtag feature prevTwoTags=WP$+VBG is not defined
warning: prevtag feature prevTwoTags=WP$+CC is not defined
warning: prevtag feature prevTwoTags=WP$+VBD is not defined
warning: prevtag feature prevTwoTags=WP$+VBN is not defined
warning: prevtag feature prevTwoTags=WP$+RB is not defined
warning: prevtag feature prevTwoTags=WP$+TO is not defined
warning: prevtag feature prevTwoTags=WP$+PRP is not defined
warning: prevtag feature prevTwoTags=WP$+RBR is not defined
warning: prevtag feature prevTwoTags=WP$+WDT is not defined
warning: prevtag feature prevTwoTags=WP$+VBP is not defined
warning: prevtag feature prevTwoTags=WP$+RP is not defined
warning: prevtag feature prevTwoTags=WP$+PRP$ is not defined
warning: prevtag feature prevTwoTags=WP$+JJS is not defined
warning: prevtag feature prevTwoTags=WP$+POS is not defined
warning: prevtag feature prevTwoTags=WP$+`` is not defined
warning: prevtag feature prevTwoTags=WP$+EX is not defined
warning: prevtag feature prevTwoTags=WP$+'' is not defined
warning: prevtag feature prevTwoTags=WP$+WP is not defined
warning: prevtag feature prevTwoTags=WP$+: is not defined
warning: prevtag feature prevTwoTags=WP$+JJR is not defined
warning: prevtag feature prevTwoTags=WP$+WRB is not defined
warning: prevtag feature prevTwoTags=WP$+$ is not defined
warning: prevtag feature prevTwoTags=WP$+NNPS is not defined
warning: prevtag feature prevTwoTags=WP$+WP$ is not defined
warning: prevtag feature prevTwoTags=WP$+-LRB- is not defined
warning: prevtag feature prevTwoTags=WP$+-RRB- is not defined
warning: prevtag feature prevTwoTags=WP$+PDT is not defined
warning: prevtag feature prevTwoTags=WP$+RBS is not defined
warning: prevtag feature prevTwoTags=WP$+FW is not defined
warning: prevtag feature prevTwoTags=WP$+UH is not defined
warning: prevtag feature prevTwoTags=WP$+SYM is not defined
warning: prevtag feature prevTwoTags=WP$+LS is not defined
warning: prevtag feature prevTwoTags=WP$+# is not defined
warning: prevtag feature prevTwoTags=WP$+BOS is not defined
warning: prevtag feature prevTwoTags=-LRB-+comma is not defined
warning: prevtag feature prevTwoTags=-LRB-+MD is not defined
warning: prevtag feature prevTwoTags=-LRB-+. is not defined
warning: prevtag feature prevTwoTags=-LRB-+VBZ is not defined
warning: prevtag feature prevTwoTags=-LRB-+VBD is not defined
warning: prevtag feature prevTwoTags=-LRB-+TO is not defined
warning: prevtag feature prevTwoTags=-LRB-+RBR is not defined
warning: prevtag feature prevTwoTags=-LRB-+WDT is not defined
warning: prevtag feature prevTwoTags=-LRB-+VBP is not defined
warning: prevtag feature prevTwoTags=-LRB-+RP is not defined
warning: prevtag feature prevTwoTags=-LRB-+PRP$ is not defined
warning: prevtag feature prevTwoTags=-LRB-+JJS is not defined
warning: prevtag feature prevTwoTags=-LRB-+POS is not defined
warning: prevtag feature prevTwoTags=-LRB-+EX is not defined
warning: prevtag feature prevTwoTags=-LRB-+'' is not defined
warning: prevtag feature prevTwoTags=-LRB-+WP is not defined
warning: prevtag feature prevTwoTags=-LRB-+: is not defined
warning: prevtag feature prevTwoTags=-LRB-+JJR is not defined
warning: prevtag feature prevTwoTags=-LRB-+WRB is not defined
warning: prevtag feature prevTwoTags=-LRB-+NNPS is not defined
warning: prevtag feature prevTwoTags=-LRB-+WP$ is not defined
warning: prevtag feature prevTwoTags=-LRB-+-LRB- is not defined
warning: prevtag feature prevTwoTags=-LRB-+-RRB- is not defined
warning: prevtag feature prevTwoTags=-LRB-+PDT is not defined
warning: prevtag feature prevTwoTags=-LRB-+RBS is not defined
warning: prevtag feature prevTwoTags=-LRB-+FW is not defined
warning: prevtag feature prevTwoTags=-LRB-+UH is not defined
warning: prevtag feature prevTwoTags=-LRB-+SYM is not defined
warning: prevtag feature prevTwoTags=-LRB-+LS is not defined
warning: prevtag feature prevTwoTags=-LRB-+# is not defined
warning: prevtag feature prevTwoTags=-LRB-+BOS is not defined
warning: prevtag feature prevTwoTags=-RRB-+VB is not defined
warning: prevtag feature prevTwoTags=-RRB-+. is not defined
warning: prevtag feature prevTwoTags=-RRB-+VBG is not defined
warning: prevtag feature prevTwoTags=-RRB-+VBN is not defined
warning: prevtag feature prevTwoTags=-RRB-+PRP is not defined
warning: prevtag feature prevTwoTags=-RRB-+RBR is not defined
warning: prevtag feature prevTwoTags=-RRB-+WDT is not defined
warning: prevtag feature prevTwoTags=-RRB-+RP is not defined
warning: prevtag feature prevTwoTags=-RRB-+PRP$ is not defined
warning: prevtag feature prevTwoTags=-RRB-+JJS is not defined
warning: prevtag feature prevTwoTags=-RRB-+POS is not defined
warning: prevtag feature prevTwoTags=-RRB-+`` is not defined
warning: prevtag feature prevTwoTags=-RRB-+EX is not defined
warning: prevtag feature prevTwoTags=-RRB-+'' is not defined
warning: prevtag feature prevTwoTags=-RRB-+WP is not defined
warning: prevtag feature prevTwoTags=-RRB-+JJR is not defined
warning: prevtag feature prevTwoTags=-RRB-+WRB is not defined
warning: prevtag feature prevTwoTags=-RRB-+$ is not defined
warning: prevtag feature prevTwoTags=-RRB-+NNPS is not defined
warning: prevtag feature prevTwoTags=-RRB-+WP$ is not defined
warning: prevtag feature prevTwoTags=-RRB-+-LRB- is not defined
warning: prevtag feature prevTwoTags=-RRB-+-RRB- is not defined
warning: prevtag feature prevTwoTags=-RRB-+PDT is not defined
warning: prevtag feature prevTwoTags=-RRB-+RBS is not defined
warning: prevtag feature prevTwoTags=-RRB-+FW is not defined
warning: prevtag feature prevTwoTags=-RRB-+UH is not defined
warning: prevtag feature prevTwoTags=-RRB-+SYM is not defined
warning: prevtag feature prevTwoTags=-RRB-+LS is not defined
warning: prevtag feature prevTwoTags=-RRB-+# is not defined
warning: prevtag feature prevTwoTags=-RRB-+BOS is not defined
warning: prevtag feature prevTwoTags=PDT+NNP is not defined
warning: prevtag feature prevTwoTags=PDT+comma is not defined
warning: prevtag feature prevTwoTags=PDT+CD is not defined
warning: prevtag feature prevTwoTags=PDT+NNS is not defined
warning: prevtag feature prevTwoTags=PDT+JJ is not defined
warning: prevtag feature prevTwoTags=PDT+MD is not defined
warning: prevtag feature prevTwoTags=PDT+VB is not defined
warning: prevtag feature prevTwoTags=PDT+NN is not defined
warning: prevtag feature prevTwoTags=PDT+IN is not defined
warning: prevtag feature prevTwoTags=PDT+. is not defined
warning: prevtag feature prevTwoTags=PDT+VBZ is not defined
warning: prevtag feature prevTwoTags=PDT+VBG is not defined
warning: prevtag feature prevTwoTags=PDT+CC is not defined
warning: prevtag feature prevTwoTags=PDT+VBD is not defined
warning: prevtag feature prevTwoTags=PDT+VBN is not defined
warning: prevtag feature prevTwoTags=PDT+RB is not defined
warning: prevtag feature prevTwoTags=PDT+TO is not defined
warning: prevtag feature prevTwoTags=PDT+PRP is not defined
warning: prevtag feature prevTwoTags=PDT+RBR is not defined
warning: prevtag feature prevTwoTags=PDT+WDT is not defined
warning: prevtag feature prevTwoTags=PDT+VBP is not defined
warning: prevtag feature prevTwoTags=PDT+RP is not defined
warning: prevtag feature prevTwoTags=PDT+JJS is not defined
warning: prevtag feature prevTwoTags=PDT+POS is not defined
warning: prevtag feature prevTwoTags=PDT+`` is not defined
warning: prevtag feature prevTwoTags=PDT+EX is not defined
warning: prevtag feature prevTwoTags=PDT+'' is not defined
warning: prevtag feature prevTwoTags=PDT+WP is not defined
warning: prevtag feature prevTwoTags=PDT+: is not defined
warning: prevtag feature prevTwoTags=PDT+JJR is not defined
warning: prevtag feature prevTwoTags=PDT+WRB is not defined
warning: prevtag feature prevTwoTags=PDT+$ is not defined
warning: prevtag feature prevTwoTags=PDT+NNPS is not defined
warning: prevtag feature prevTwoTags=PDT+WP$ is not defined
warning: prevtag feature prevTwoTags=PDT+-LRB- is not defined
warning: prevtag feature prevTwoTags=PDT+-RRB- is not defined
warning: prevtag feature prevTwoTags=PDT+PDT is not defined
warning: prevtag feature prevTwoTags=PDT+RBS is not defined
warning: prevtag feature prevTwoTags=PDT+FW is not defined
warning: prevtag feature prevTwoTags=PDT+UH is not defined
warning: prevtag feature prevTwoTags=PDT+SYM is not defined
warning: prevtag feature prevTwoTags=PDT+LS is not defined
warning: prevtag feature prevTwoTags=PDT+# is not defined
warning: prevtag feature prevTwoTags=PDT+BOS is not defined
warning: prevtag feature prevTwoTags=RBS+NNP is not defined
warning: prevtag feature prevTwoTags=RBS+comma is not defined
warning: prevtag feature prevTwoTags=RBS+CD is not defined
warning: prevtag feature prevTwoTags=RBS+NNS is not defined
warning: prevtag feature prevTwoTags=RBS+MD is not defined
warning: prevtag feature prevTwoTags=RBS+VB is not defined
warning: prevtag feature prevTwoTags=RBS+DT is not defined
warning: prevtag feature prevTwoTags=RBS+NN is not defined
warning: prevtag feature prevTwoTags=RBS+. is not defined
warning: prevtag feature prevTwoTags=RBS+VBZ is not defined
warning: prevtag feature prevTwoTags=RBS+VBG is not defined
warning: prevtag feature prevTwoTags=RBS+CC is not defined
warning: prevtag feature prevTwoTags=RBS+VBD is not defined
warning: prevtag feature prevTwoTags=RBS+TO is not defined
warning: prevtag feature prevTwoTags=RBS+PRP is not defined
warning: prevtag feature prevTwoTags=RBS+RBR is not defined
warning: prevtag feature prevTwoTags=RBS+WDT is not defined
warning: prevtag feature prevTwoTags=RBS+VBP is not defined
warning: prevtag feature prevTwoTags=RBS+RP is not defined
warning: prevtag feature prevTwoTags=RBS+PRP$ is not defined
warning: prevtag feature prevTwoTags=RBS+JJS is not defined
warning: prevtag feature prevTwoTags=RBS+POS is not defined
warning: prevtag feature prevTwoTags=RBS+`` is not defined
warning: prevtag feature prevTwoTags=RBS+EX is not defined
warning: prevtag feature prevTwoTags=RBS+'' is not defined
warning: prevtag feature prevTwoTags=RBS+WP is not defined
warning: prevtag feature prevTwoTags=RBS+: is not defined
warning: prevtag feature prevTwoTags=RBS+JJR is not defined
warning: prevtag feature prevTwoTags=RBS+WRB is not defined
warning: prevtag feature prevTwoTags=RBS+$ is not defined
warning: prevtag feature prevTwoTags=RBS+NNPS is not defined
warning: prevtag feature prevTwoTags=RBS+WP$ is not defined
warning: prevtag feature prevTwoTags=RBS+-LRB- is not defined
warning: prevtag feature prevTwoTags=RBS+-RRB- is not defined
warning: prevtag feature prevTwoTags=RBS+PDT is not defined
warning: prevtag feature prevTwoTags=RBS+RBS is not defined
warning: prevtag feature prevTwoTags=RBS+FW is not defined
warning: prevtag feature prevTwoTags=RBS+UH is not defined
warning: prevtag feature prevTwoTags=RBS+SYM is not defined
warning: prevtag feature prevTwoTags=RBS+LS is not defined
warning: prevtag feature prevTwoTags=RBS+# is not defined
warning: prevtag feature prevTwoTags=RBS+BOS is not defined
warning: prevtag feature prevTwoTags=FW+CD is not defined
warning: prevtag feature prevTwoTags=FW+NNS is not defined
warning: prevtag feature prevTwoTags=FW+JJ is not defined
warning: prevtag feature prevTwoTags=FW+MD is not defined
warning: prevtag feature prevTwoTags=FW+VB is not defined
warning: prevtag feature prevTwoTags=FW+DT is not defined
warning: prevtag feature prevTwoTags=FW+IN is not defined
warning: prevtag feature prevTwoTags=FW+. is not defined
warning: prevtag feature prevTwoTags=FW+VBZ is not defined
warning: prevtag feature prevTwoTags=FW+VBG is not defined
warning: prevtag feature prevTwoTags=FW+CC is not defined
warning: prevtag feature prevTwoTags=FW+VBD is not defined
warning: prevtag feature prevTwoTags=FW+VBN is not defined
warning: prevtag feature prevTwoTags=FW+RB is not defined
warning: prevtag feature prevTwoTags=FW+TO is not defined
warning: prevtag feature prevTwoTags=FW+PRP is not defined
warning: prevtag feature prevTwoTags=FW+RBR is not defined
warning: prevtag feature prevTwoTags=FW+WDT is not defined
warning: prevtag feature prevTwoTags=FW+VBP is not defined
warning: prevtag feature prevTwoTags=FW+RP is not defined
warning: prevtag feature prevTwoTags=FW+PRP$ is not defined
warning: prevtag feature prevTwoTags=FW+JJS is not defined
warning: prevtag feature prevTwoTags=FW+POS is not defined
warning: prevtag feature prevTwoTags=FW+`` is not defined
warning: prevtag feature prevTwoTags=FW+EX is not defined
warning: prevtag feature prevTwoTags=FW+WP is not defined
warning: prevtag feature prevTwoTags=FW+: is not defined
warning: prevtag feature prevTwoTags=FW+JJR is not defined
warning: prevtag feature prevTwoTags=FW+WRB is not defined
warning: prevtag feature prevTwoTags=FW+$ is not defined
warning: prevtag feature prevTwoTags=FW+NNPS is not defined
warning: prevtag feature prevTwoTags=FW+WP$ is not defined
warning: prevtag feature prevTwoTags=FW+-LRB- is not defined
warning: prevtag feature prevTwoTags=FW+-RRB- is not defined
warning: prevtag feature prevTwoTags=FW+PDT is not defined
warning: prevtag feature prevTwoTags=FW+RBS is not defined
warning: prevtag feature prevTwoTags=FW+UH is not defined
warning: prevtag feature prevTwoTags=FW+SYM is not defined
warning: prevtag feature prevTwoTags=FW+LS is not defined
warning: prevtag feature prevTwoTags=FW+# is not defined
warning: prevtag feature prevTwoTags=FW+BOS is not defined
warning: prevtag feature prevTwoTags=UH+NNP is not defined
warning: prevtag feature prevTwoTags=UH+CD is not defined
warning: prevtag feature prevTwoTags=UH+NNS is not defined
warning: prevtag feature prevTwoTags=UH+JJ is not defined
warning: prevtag feature prevTwoTags=UH+MD is not defined
warning: prevtag feature prevTwoTags=UH+VB is not defined
warning: prevtag feature prevTwoTags=UH+DT is not defined
warning: prevtag feature prevTwoTags=UH+NN is not defined
warning: prevtag feature prevTwoTags=UH+IN is not defined
warning: prevtag feature prevTwoTags=UH+. is not defined
warning: prevtag feature prevTwoTags=UH+VBZ is not defined
warning: prevtag feature prevTwoTags=UH+VBG is not defined
warning: prevtag feature prevTwoTags=UH+CC is not defined
warning: prevtag feature prevTwoTags=UH+VBD is not defined
warning: prevtag feature prevTwoTags=UH+VBN is not defined
warning: prevtag feature prevTwoTags=UH+RB is not defined
warning: prevtag feature prevTwoTags=UH+TO is not defined
warning: prevtag feature prevTwoTags=UH+PRP is not defined
warning: prevtag feature prevTwoTags=UH+RBR is not defined
warning: prevtag feature prevTwoTags=UH+WDT is not defined
warning: prevtag feature prevTwoTags=UH+VBP is not defined
warning: prevtag feature prevTwoTags=UH+RP is not defined
warning: prevtag feature prevTwoTags=UH+PRP$ is not defined
warning: prevtag feature prevTwoTags=UH+JJS is not defined
warning: prevtag feature prevTwoTags=UH+POS is not defined
warning: prevtag feature prevTwoTags=UH+`` is not defined
warning: prevtag feature prevTwoTags=UH+EX is not defined
warning: prevtag feature prevTwoTags=UH+'' is not defined
warning: prevtag feature prevTwoTags=UH+WP is not defined
warning: prevtag feature prevTwoTags=UH+: is not defined
warning: prevtag feature prevTwoTags=UH+JJR is not defined
warning: prevtag feature prevTwoTags=UH+WRB is not defined
warning: prevtag feature prevTwoTags=UH+$ is not defined
warning: prevtag feature prevTwoTags=UH+NNPS is not defined
warning: prevtag feature prevTwoTags=UH+WP$ is not defined
warning: prevtag feature prevTwoTags=UH+-LRB- is not defined
warning: prevtag feature prevTwoTags=UH+-RRB- is not defined
warning: prevtag feature prevTwoTags=UH+PDT is not defined
warning: prevtag feature prevTwoTags=UH+RBS is not defined
warning: prevtag feature prevTwoTags=UH+FW is not defined
warning: prevtag feature prevTwoTags=UH+UH is not defined
warning: prevtag feature prevTwoTags=UH+SYM is not defined
warning: prevtag feature prevTwoTags=UH+LS is not defined
warning: prevtag feature prevTwoTags=UH+# is not defined
warning: prevtag feature prevTwoTags=UH+BOS is not defined
warning: prevtag feature prevTwoTags=SYM+NNP is not defined
warning: prevtag feature prevTwoTags=SYM+comma is not defined
warning: prevtag feature prevTwoTags=SYM+CD is not defined
warning: prevtag feature prevTwoTags=SYM+NNS is not defined
warning: prevtag feature prevTwoTags=SYM+JJ is not defined
warning: prevtag feature prevTwoTags=SYM+MD is not defined
warning: prevtag feature prevTwoTags=SYM+VB is not defined
warning: prevtag feature prevTwoTags=SYM+DT is not defined
warning: prevtag feature prevTwoTags=SYM+NN is not defined
warning: prevtag feature prevTwoTags=SYM+IN is not defined
warning: prevtag feature prevTwoTags=SYM+. is not defined
warning: prevtag feature prevTwoTags=SYM+VBZ is not defined
warning: prevtag feature prevTwoTags=SYM+VBG is not defined
warning: prevtag feature prevTwoTags=SYM+CC is not defined
warning: prevtag feature prevTwoTags=SYM+VBD is not defined
warning: prevtag feature prevTwoTags=SYM+VBN is not defined
warning: prevtag feature prevTwoTags=SYM+RB is not defined
warning: prevtag feature prevTwoTags=SYM+TO is not defined
warning: prevtag feature prevTwoTags=SYM+PRP is not defined
warning: prevtag feature prevTwoTags=SYM+RBR is not defined
warning: prevtag feature prevTwoTags=SYM+WDT is not defined
warning: prevtag feature prevTwoTags=SYM+VBP is not defined
warning: prevtag feature prevTwoTags=SYM+RP is not defined
warning: prevtag feature prevTwoTags=SYM+PRP$ is not defined
warning: prevtag feature prevTwoTags=SYM+JJS is not defined
warning: prevtag feature prevTwoTags=SYM+POS is not defined
warning: prevtag feature prevTwoTags=SYM+`` is not defined
warning: prevtag feature prevTwoTags=SYM+EX is not defined
warning: prevtag feature prevTwoTags=SYM+'' is not defined
warning: prevtag feature prevTwoTags=SYM+WP is not defined
warning: prevtag feature prevTwoTags=SYM+JJR is not defined
warning: prevtag feature prevTwoTags=SYM+WRB is not defined
warning: prevtag feature prevTwoTags=SYM+$ is not defined
warning: prevtag feature prevTwoTags=SYM+NNPS is not defined
warning: prevtag feature prevTwoTags=SYM+WP$ is not defined
warning: prevtag feature prevTwoTags=SYM+-LRB- is not defined
warning: prevtag feature prevTwoTags=SYM+-RRB- is not defined
warning: prevtag feature prevTwoTags=SYM+PDT is not defined
warning: prevtag feature prevTwoTags=SYM+RBS is not defined
warning: prevtag feature prevTwoTags=SYM+FW is not defined
warning: prevtag feature prevTwoTags=SYM+UH is not defined
warning: prevtag feature prevTwoTags=SYM+SYM is not defined
warning: prevtag feature prevTwoTags=SYM+LS is not defined
warning: prevtag feature prevTwoTags=SYM+# is not defined
warning: prevtag feature prevTwoTags=SYM+BOS is not defined
warning: prevtag feature prevTwoTags=LS+NNP is not defined
warning: prevtag feature prevTwoTags=LS+comma is not defined
warning: prevtag feature prevTwoTags=LS+CD is not defined
warning: prevtag feature prevTwoTags=LS+NNS is not defined
warning: prevtag feature prevTwoTags=LS+JJ is not defined
warning: prevtag feature prevTwoTags=LS+MD is not defined
warning: prevtag feature prevTwoTags=LS+VB is not defined
warning: prevtag feature prevTwoTags=LS+DT is not defined
warning: prevtag feature prevTwoTags=LS+NN is not defined
warning: prevtag feature prevTwoTags=LS+IN is not defined
warning: prevtag feature prevTwoTags=LS+VBZ is not defined
warning: prevtag feature prevTwoTags=LS+VBG is not defined
warning: prevtag feature prevTwoTags=LS+CC is not defined
warning: prevtag feature prevTwoTags=LS+VBD is not defined
warning: prevtag feature prevTwoTags=LS+VBN is not defined
warning: prevtag feature prevTwoTags=LS+RB is not defined
warning: prevtag feature prevTwoTags=LS+TO is not defined
warning: prevtag feature prevTwoTags=LS+PRP is not defined
warning: prevtag feature prevTwoTags=LS+RBR is not defined
warning: prevtag feature prevTwoTags=LS+WDT is not defined
warning: prevtag feature prevTwoTags=LS+VBP is not defined
warning: prevtag feature prevTwoTags=LS+RP is not defined
warning: prevtag feature prevTwoTags=LS+PRP$ is not defined
warning: prevtag feature prevTwoTags=LS+JJS is not defined
warning: prevtag feature prevTwoTags=LS+POS is not defined
warning: prevtag feature prevTwoTags=LS+`` is not defined
warning: prevtag feature prevTwoTags=LS+EX is not defined
warning: prevtag feature prevTwoTags=LS+'' is not defined
warning: prevtag feature prevTwoTags=LS+WP is not defined
warning: prevtag feature prevTwoTags=LS+: is not defined
warning: prevtag feature prevTwoTags=LS+JJR is not defined
warning: prevtag feature prevTwoTags=LS+WRB is not defined
warning: prevtag feature prevTwoTags=LS+$ is not defined
warning: prevtag feature prevTwoTags=LS+NNPS is not defined
warning: prevtag feature prevTwoTags=LS+WP$ is not defined
warning: prevtag feature prevTwoTags=LS+-LRB- is not defined
warning: prevtag feature prevTwoTags=LS+PDT is not defined
warning: prevtag feature prevTwoTags=LS+RBS is not defined
warning: prevtag feature prevTwoTags=LS+FW is not defined
warning: prevtag feature prevTwoTags=LS+UH is not defined
warning: prevtag feature prevTwoTags=LS+SYM is not defined
warning: prevtag feature prevTwoTags=LS+LS is not defined
warning: prevtag feature prevTwoTags=LS+# is not defined
warning: prevtag feature prevTwoTags=LS+BOS is not defined
warning: prevtag feature prevTwoTags=#+NNP is not defined
warning: prevtag feature prevTwoTags=#+comma is not defined
warning: prevtag feature prevTwoTags=#+NNS is not defined
warning: prevtag feature prevTwoTags=#+JJ is not defined
warning: prevtag feature prevTwoTags=#+MD is not defined
warning: prevtag feature prevTwoTags=#+VB is not defined
warning: prevtag feature prevTwoTags=#+DT is not defined
warning: prevtag feature prevTwoTags=#+NN is not defined
warning: prevtag feature prevTwoTags=#+IN is not defined
warning: prevtag feature prevTwoTags=#+. is not defined
warning: prevtag feature prevTwoTags=#+VBZ is not defined
warning: prevtag feature prevTwoTags=#+VBG is not defined
warning: prevtag feature prevTwoTags=#+CC is not defined
warning: prevtag feature prevTwoTags=#+VBD is not defined
warning: prevtag feature prevTwoTags=#+VBN is not defined
warning: prevtag feature prevTwoTags=#+RB is not defined
warning: prevtag feature prevTwoTags=#+TO is not defined
warning: prevtag feature prevTwoTags=#+PRP is not defined
warning: prevtag feature prevTwoTags=#+RBR is not defined
warning: prevtag feature prevTwoTags=#+WDT is not defined
warning: prevtag feature prevTwoTags=#+VBP is not defined
warning: prevtag feature prevTwoTags=#+RP is not defined
warning: prevtag feature prevTwoTags=#+PRP$ is not defined
warning: prevtag feature prevTwoTags=#+JJS is not defined
warning: prevtag feature prevTwoTags=#+POS is not defined
warning: prevtag feature prevTwoTags=#+`` is not defined
warning: prevtag feature prevTwoTags=#+EX is not defined
warning: prevtag feature prevTwoTags=#+'' is not defined
warning: prevtag feature prevTwoTags=#+WP is not defined
warning: prevtag feature prevTwoTags=#+: is not defined
warning: prevtag feature prevTwoTags=#+JJR is not defined
warning: prevtag feature prevTwoTags=#+WRB is not defined
warning: prevtag feature prevTwoTags=#+$ is not defined
warning: prevtag feature prevTwoTags=#+NNPS is not defined
warning: prevtag feature prevTwoTags=#+WP$ is not defined
warning: prevtag feature prevTwoTags=#+-LRB- is not defined
warning: prevtag feature prevTwoTags=#+-RRB- is not defined
warning: prevtag feature prevTwoTags=#+PDT is not defined
warning: prevtag feature prevTwoTags=#+RBS is not defined
warning: prevtag feature prevTwoTags=#+FW is not defined
warning: prevtag feature prevTwoTags=#+UH is not defined
warning: prevtag feature prevTwoTags=#+SYM is not defined
warning: prevtag feature prevTwoTags=#+LS is not defined
warning: prevtag feature prevTwoTags=#+# is not defined
warning: prevtag feature prevTwoTags=#+BOS is not defined
warning: prevtag feature prevTwoTags=BOS+comma is not defined
warning: prevtag feature prevTwoTags=BOS+. is not defined
warning: prevtag feature prevTwoTags=BOS+RP is not defined
warning: prevtag feature prevTwoTags=BOS+POS is not defined
warning: prevtag feature prevTwoTags=BOS+WP$ is not defined
warning: prevtag feature prevTwoTags=BOS+-RRB- is not defined
warning: prevtag feature prevTwoTags=BOS+FW is not defined
warning: prevtag feature prevTwoTags=BOS+# is not defined
Start classifying testing data ...
warning: prev2Tag=34+7 is undefined
Finish classifying testing data
All done
